<?xml version="1.0" encoding="UTF-8"?>
<!-- Generated by org.testng.reporters.JUnitXMLReporter -->
<testsuite ignored="2" hostname="Air-M1-2020" failures="2" tests="22" name="Surefire test" time="3.155" errors="0" timestamp="2025-03-27T09:15:21 GMT+03:00">
  <testcase classname="BaseTest" name="@BeforeTest setUp" time="-1.743056118037E9">
    <failure type="org.testng.TestNGException" message="
Parameter &amp;apos;browser&amp;apos; is required by BeforeTest on method setUp but has not been marked @Optional or defined
">
      <![CDATA[org.testng.TestNGException: 
Parameter 'browser' is required by BeforeTest on method setUp but has not been marked @Optional or defined

... Removed 26 stack frames]]>
    </failure>
  </testcase> <!-- @BeforeTest setUp -->
  <testcase classname="tests.AlertsTest" name="@BeforeTest setUp" time="0.0">
    <skipped/>
  </testcase> <!-- @BeforeTest setUp -->
  <testcase classname="tests.FacebookLoginTest" name="@BeforeTest setUp" time="0.0">
    <skipped/>
  </testcase> <!-- @BeforeTest setUp -->
  <testcase classname="tests.IframTest" name="@BeforeTest setUp" time="0.0">
    <skipped/>
  </testcase> <!-- @BeforeTest setUp -->
  <testcase classname="tests.InteralDoucmentTest" name="@BeforeTest setUp" time="0.0">
    <skipped/>
  </testcase> <!-- @BeforeTest setUp -->
  <testcase classname="tests.LoginTest" name="@BeforeTest setup" time="0.0">
    <skipped/>
  </testcase> <!-- @BeforeTest setup -->
  <testcase classname="tests.MercalExternalWorkFlowlTest" name="@BeforeTest setUp" time="0.0">
    <skipped/>
  </testcase> <!-- @BeforeTest setUp -->
  <testcase classname="tests.MercalInternalWorkFlowlTest" name="@BeforeTest setUp" time="0.0">
    <skipped/>
  </testcase> <!-- @BeforeTest setUp -->
  <testcase classname="tests.SampleTest" name="@BeforeTest setUp" time="0.0">
    <skipped/>
  </testcase> <!-- @BeforeTest setUp -->
  <testcase classname="FacebookSignInTest" name="@BeforeClass setup" time="0.0">
    <skipped/>
  </testcase> <!-- @BeforeClass setup -->
  <testcase classname="FacebookSignInTest" name="@AfterClass teardown" time="0.0">
    <skipped/>
  </testcase> <!-- @AfterClass teardown -->
  <testcase classname="AmazonTest" name="@AfterTest tearDown" time="0.0">
    <skipped/>
  </testcase> <!-- @AfterTest tearDown -->
  <testcase classname="tests.AlertsTest" name="@AfterTest tearDown" time="0.0">
    <skipped/>
  </testcase> <!-- @AfterTest tearDown -->
  <testcase classname="tests.FacebookLoginTest" name="@AfterTest tearDown" time="0.0">
    <skipped/>
  </testcase> <!-- @AfterTest tearDown -->
  <testcase classname="tests.IframTest" name="@AfterTest tearDown" time="0.0">
    <skipped/>
  </testcase> <!-- @AfterTest tearDown -->
  <testcase classname="tests.InteralDoucmentTest" name="@AfterTest tearDown" time="0.0">
    <skipped/>
  </testcase> <!-- @AfterTest tearDown -->
  <testcase classname="tests.LoginTest" name="@AfterTest tearDown" time="0.0">
    <skipped/>
  </testcase> <!-- @AfterTest tearDown -->
  <testcase classname="tests.MercalExternalWorkFlowlTest" name="@AfterTest tearDown" time="0.0">
    <skipped/>
  </testcase> <!-- @AfterTest tearDown -->
  <testcase classname="tests.MercalInternalWorkFlowlTest" name="@AfterTest tearDown" time="0.0">
    <skipped/>
  </testcase> <!-- @AfterTest tearDown -->
  <testcase classname="tests.SampleTest" name="@AfterTest tearDown" time="0.0">
    <skipped/>
  </testcase> <!-- @AfterTest tearDown -->
  <testcase classname="AmazonTest" name="searchProduct" time="0.0">
    <failure type="org.testng.TestNGException" message="
Parameter &amp;apos;browser&amp;apos; is required by @Test on method searchProduct but has not been marked @Optional or defined
">
      <![CDATA[org.testng.TestNGException: 
Parameter 'browser' is required by @Test on method searchProduct but has not been marked @Optional or defined

at java.base/java.util.ArrayList.forEach(ArrayList.java:1597)
... Removed 31 stack frames]]>
    </failure>
  </testcase> <!-- searchProduct -->
  <testcase classname="tests.AlertsTest" name="testAlert" time="0.0">
    <skipped/>
  </testcase> <!-- testAlert -->
  <testcase classname="tests.FacebookLoginTest" name="testLoginFunctionality" time="0.0">
    <skipped/>
  </testcase> <!-- testLoginFunctionality -->
  <testcase classname="tests.LoginTest" name="testLogin" time="0.0">
    <skipped/>
  </testcase> <!-- testLogin -->
  <testcase classname="tests.LoginTest" name="testLogin" time="0.0">
    <skipped/>
  </testcase> <!-- testLogin -->
  <testcase classname="tests.LoginTest" name="testLogin" time="0.0">
    <skipped/>
  </testcase> <!-- testLogin -->
  <testcase classname="tests.MercalExternalWorkFlowlTest" name="testLogin" time="0.0">
    <skipped/>
  </testcase> <!-- testLogin -->
  <testcase classname="tests.MercalExternalWorkFlowlTest" name="testOpenNote" time="0.0">
    <skipped/>
  </testcase> <!-- testOpenNote -->
  <testcase classname="tests.MercalExternalWorkFlowlTest" name="CreatExternalNote" time="0.0">
    <skipped/>
  </testcase> <!-- CreatExternalNote -->
  <testcase classname="tests.MercalExternalWorkFlowlTest" name="testRecverLogin" time="0.0">
    <skipped/>
  </testcase> <!-- testRecverLogin -->
  <testcase classname="tests.IframTest" name="testIfram" time="0.0">
    <failure type="org.testng.TestNGException" message="
Cannot inject @Test annotated Method [testIfram] with [class java.lang.String].
For more information on native dependency injection please refer to https://testng.org/#_dependency_injection">
      <![CDATA[org.testng.TestNGException: 
Cannot inject @Test annotated Method [testIfram] with [class java.lang.String].
For more information on native dependency injection please refer to https://testng.org/#_dependency_injection
at java.base/java.util.ArrayList.forEach(ArrayList.java:1597)
... Removed 31 stack frames]]>
    </failure>
  </testcase> <!-- testIfram -->
  <testcase classname="tests.InteralDoucmentTest" name="testLogin" time="0.0">
    <skipped/>
  </testcase> <!-- testLogin -->
  <testcase classname="tests.InteralDoucmentTest" name="creatInternalDocumentTest" time="0.0">
    <skipped/>
  </testcase> <!-- creatInternalDocumentTest -->
  <testcase classname="tests.SampleTest" name="failedTest" time="0.0">
    <skipped/>
  </testcase> <!-- failedTest -->
  <testcase classname="tests.SampleTest" name="googleSearchTest" time="0.0">
    <skipped/>
  </testcase> <!-- googleSearchTest -->
  <testcase classname="tests.MercalInternalWorkFlowlTest" name="testLogin" time="0.0">
    <skipped/>
  </testcase> <!-- testLogin -->
  <testcase classname="tests.MercalInternalWorkFlowlTest" name="testOpenNote" time="0.0">
    <skipped/>
  </testcase> <!-- testOpenNote -->
  <testcase classname="tests.MercalInternalWorkFlowlTest" name="CreatInteralNoteTest" time="0.0">
    <skipped/>
  </testcase> <!-- CreatInteralNoteTest -->
  <testcase classname="tests.MercalInternalWorkFlowlTest" name="testRecverLogin" time="0.0">
    <skipped/>
  </testcase> <!-- testRecverLogin -->
  <testcase classname="tests.MercalInternalWorkFlowlTest" name="compleatTaskS1_Test" time="0.0">
    <skipped/>
  </testcase> <!-- compleatTaskS1_Test -->
  <testcase classname="tests.MercalInternalWorkFlowlTest" name="compleatTaskS2_Test" time="0.0">
    <skipped/>
  </testcase> <!-- compleatTaskS2_Test -->
  <testcase classname="FacebookSignInTest" name="FluentWait" time="0.0">
    <skipped/>
  </testcase> <!-- FluentWait -->
  <testcase classname="BaseTest" name="@AfterTest tearDown" time="0.0">
    <ignored/>
  </testcase> <!-- @AfterTest tearDown -->
  <testcase classname="BaseTest" name="@BeforeTest setUp" time="0.0">
    <ignored/>
  </testcase> <!-- @BeforeTest setUp -->
</testsuite> <!-- Surefire test -->
