<!DOCTYPE html PUBLIC "-//W3C//DTD XHTML 1.1//EN" "https://www.w3.org/TR/xhtml11/DTD/xhtml11.dtd">
<html xmlns="https://www.w3.org/1999/xhtml">
<head>
<meta http-equiv="content-type" content="text/html; charset=UTF-8"/>
<title>TestNG Report</title>
<style type="text/css">table {margin-bottom:10px;border-collapse:collapse;empty-cells:show}th,td {border:1px solid #009;padding:.25em .5em}th {vertical-align:bottom}td {vertical-align:top}table a {font-weight:bold}.stripe td {background-color: #E6EBF9}.num {text-align:right}.passedodd td {background-color: #3F3}.passedeven td {background-color: #0A0}.skippedodd td {background-color: #DDD}.skippedeven td {background-color: #CCC}.failedodd td,.attn {background-color: #F33}.failedeven td,.stripe .attn {background-color: #D00}.stacktrace {white-space:pre;font-family:monospace}.totop {font-size:85%;text-align:center;border-bottom:2px solid #000}.invisible {display:none}</style>
</head>
<body>
<table>
<tr><th>Test</th><th># Passed</th><th># Skipped</th><th># Retried</th><th># Failed</th><th>Time (ms)</th><th>Included Groups</th><th>Excluded Groups</th></tr>
<tr><th colspan="8">Surefire suite</th></tr>
<tr><td><a href="#t0">Surefire test</a></td><td class="num">0</td><td class="num attn">20</td><td class="num">0</td><td class="num attn">2</td><td class="num">3,155</td><td></td><td></td></tr>
</table>
<table id='summary'><thead><tr><th>Class</th><th>Method</th><th>Start</th><th>Time (ms)</th></tr></thead><tbody><tr><th colspan="4">Surefire suite</th></tr></tbody><tbody id="t0"><tr><th colspan="4">Surefire test &#8212; failed (configuration methods)</th></tr><tr class="failedeven"><td rowspan="1">AmazonTest</td><td><a href="#m0">setUp</a></td><td rowspan="1">1743056118037</td><td rowspan="1">-1743056118037</td></tr><tr><th colspan="4">Surefire test &#8212; failed</th></tr><tr class="failedeven"><td rowspan="1">AmazonTest</td><td><a href="#m1">searchProduct</a></td><td rowspan="1">1743056118053</td><td rowspan="1">0</td></tr><tr class="failedodd"><td rowspan="1">tests.IframTest</td><td><a href="#m2">testIfram</a></td><td rowspan="1">1743056121103</td><td rowspan="1">0</td></tr><tr><th colspan="4">Surefire test &#8212; skipped (configuration methods)</th></tr><tr class="skippedeven"><td rowspan="1">AmazonTest</td><td><a href="#m3">tearDown</a></td><td rowspan="1">1743056121188</td><td rowspan="1">0</td></tr><tr class="skippedodd"><td rowspan="2">FacebookSignInTest</td><td><a href="#m4">setup</a></td><td rowspan="1">1743056121187</td><td rowspan="1">0</td></tr><tr class="skippedodd"><td><a href="#m5">teardown</a></td><td rowspan="1">1743056121187</td><td rowspan="1">0</td></tr><tr class="skippedeven"><td rowspan="2">tests.AlertsTest</td><td><a href="#m6">setUp</a></td><td rowspan="1">1743056118044</td><td rowspan="1">0</td></tr><tr class="skippedeven"><td><a href="#m7">tearDown</a></td><td rowspan="1">1743056121188</td><td rowspan="1">0</td></tr><tr class="skippedodd"><td rowspan="2">tests.FacebookLoginTest</td><td><a href="#m8">setUp</a></td><td rowspan="1">1743056118044</td><td rowspan="1">0</td></tr><tr class="skippedodd"><td><a href="#m9">tearDown</a></td><td rowspan="1">1743056121188</td><td rowspan="1">0</td></tr><tr class="skippedeven"><td rowspan="2">tests.IframTest</td><td><a href="#m10">setUp</a></td><td rowspan="1">1743056118044</td><td rowspan="1">0</td></tr><tr class="skippedeven"><td><a href="#m11">tearDown</a></td><td rowspan="1">1743056121188</td><td rowspan="1">0</td></tr><tr class="skippedodd"><td rowspan="2">tests.InteralDoucmentTest</td><td><a href="#m12">setUp</a></td><td rowspan="1">1743056118045</td><td rowspan="1">0</td></tr><tr class="skippedodd"><td><a href="#m13">tearDown</a></td><td rowspan="1">1743056121188</td><td rowspan="1">0</td></tr><tr class="skippedeven"><td rowspan="2">tests.LoginTest</td><td><a href="#m14">setup</a></td><td rowspan="1">1743056118045</td><td rowspan="1">0</td></tr><tr class="skippedeven"><td><a href="#m15">tearDown</a></td><td rowspan="1">1743056121189</td><td rowspan="1">0</td></tr><tr class="skippedodd"><td rowspan="2">tests.MercalExternalWorkFlowlTest</td><td><a href="#m16">setUp</a></td><td rowspan="1">1743056118045</td><td rowspan="1">0</td></tr><tr class="skippedodd"><td><a href="#m17">tearDown</a></td><td rowspan="1">1743056121189</td><td rowspan="1">0</td></tr><tr class="skippedeven"><td rowspan="2">tests.MercalInternalWorkFlowlTest</td><td><a href="#m18">setUp</a></td><td rowspan="1">1743056118045</td><td rowspan="1">0</td></tr><tr class="skippedeven"><td><a href="#m19">tearDown</a></td><td rowspan="1">1743056121190</td><td rowspan="1">0</td></tr><tr class="skippedodd"><td rowspan="2">tests.SampleTest</td><td><a href="#m20">setUp</a></td><td rowspan="1">1743056118046</td><td rowspan="1">0</td></tr><tr class="skippedodd"><td><a href="#m21">tearDown</a></td><td rowspan="1">1743056121190</td><td rowspan="1">0</td></tr><tr><th colspan="4">Surefire test &#8212; skipped</th></tr><tr class="skippedeven"><td rowspan="1">FacebookSignInTest</td><td><a href="#m22">FluentWait</a></td><td rowspan="1">1743056121187</td><td rowspan="1">0</td></tr><tr class="skippedodd"><td rowspan="1">tests.AlertsTest</td><td><a href="#m23">testAlert</a></td><td rowspan="1">1743056120772</td><td rowspan="1">0</td></tr><tr class="skippedeven"><td rowspan="1">tests.FacebookLoginTest</td><td><a href="#m24">testLoginFunctionality</a></td><td rowspan="1">1743056120775</td><td rowspan="1">0</td></tr><tr class="skippedodd"><td rowspan="2">tests.InteralDoucmentTest</td><td><a href="#m25">creatInternalDocumentTest</a></td><td rowspan="1">1743056121183</td><td rowspan="1">0</td></tr><tr class="skippedodd"><td><a href="#m26">testLogin</a></td><td rowspan="1">1743056121183</td><td rowspan="1">0</td></tr><tr class="skippedeven"><td rowspan="3">tests.LoginTest</td><td><a href="#m27">testLogin</a></td><td rowspan="3">1743056121098</td><td rowspan="3">0</td></tr><tr class="skippedeven"><td><a href="#m28">testLogin</a></td></tr><tr class="skippedeven"><td><a href="#m29">testLogin</a></td></tr><tr class="skippedodd"><td rowspan="4">tests.MercalExternalWorkFlowlTest</td><td><a href="#m30">CreatExternalNote</a></td><td rowspan="1">1743056121102</td><td rowspan="1">0</td></tr><tr class="skippedodd"><td><a href="#m31">testLogin</a></td><td rowspan="1">1743056121100</td><td rowspan="1">0</td></tr><tr class="skippedodd"><td><a href="#m32">testOpenNote</a></td><td rowspan="1">1743056121101</td><td rowspan="1">0</td></tr><tr class="skippedodd"><td><a href="#m33">testRecverLogin</a></td><td rowspan="1">1743056121103</td><td rowspan="1">0</td></tr><tr class="skippedeven"><td rowspan="6">tests.MercalInternalWorkFlowlTest</td><td><a href="#m34">CreatInteralNoteTest</a></td><td rowspan="1">1743056121185</td><td rowspan="1">0</td></tr><tr class="skippedeven"><td><a href="#m35">compleatTaskS1_Test</a></td><td rowspan="1">1743056121186</td><td rowspan="1">0</td></tr><tr class="skippedeven"><td><a href="#m36">compleatTaskS2_Test</a></td><td rowspan="1">1743056121186</td><td rowspan="1">0</td></tr><tr class="skippedeven"><td><a href="#m37">testLogin</a></td><td rowspan="1">1743056121184</td><td rowspan="1">0</td></tr><tr class="skippedeven"><td><a href="#m38">testOpenNote</a></td><td rowspan="1">1743056121185</td><td rowspan="1">0</td></tr><tr class="skippedeven"><td><a href="#m39">testRecverLogin</a></td><td rowspan="1">1743056121185</td><td rowspan="1">0</td></tr><tr class="skippedodd"><td rowspan="2">tests.SampleTest</td><td><a href="#m40">failedTest</a></td><td rowspan="1">1743056121184</td><td rowspan="1">0</td></tr><tr class="skippedodd"><td><a href="#m41">googleSearchTest</a></td><td rowspan="1">1743056121184</td><td rowspan="1">0</td></tr></tbody>
</table>
<h2>Surefire test</h2><h3 id="m0">AmazonTest#setUp</h3><table class="result"><tr><th>Exception</th></tr><tr><td><div class="stacktrace">org.testng.TestNGException: 
Parameter &apos;browser&apos; is required by BeforeTest on method setUp but has not been marked @Optional or defined

... Removed 26 stack frames</div></td></tr></table><p class="totop"><a href="#summary">back to summary</a></p>
<h3 id="m1">AmazonTest#searchProduct</h3><table class="result"><tr><th>Exception</th></tr><tr><td><div class="stacktrace">org.testng.TestNGException: 
Parameter &apos;browser&apos; is required by @Test on method searchProduct but has not been marked @Optional or defined

	at java.base/java.util.ArrayList.forEach(ArrayList.java:1597)
... Removed 31 stack frames</div></td></tr></table><p class="totop"><a href="#summary">back to summary</a></p>
<h3 id="m2">tests.IframTest#testIfram</h3><table class="result"><tr><th>Exception</th></tr><tr><td><div class="stacktrace">org.testng.TestNGException: 
Cannot inject @Test annotated Method [testIfram] with [class java.lang.String].
For more information on native dependency injection please refer to https://testng.org/#_dependency_injection
	at java.base/java.util.ArrayList.forEach(ArrayList.java:1597)
... Removed 31 stack frames</div></td></tr></table><p class="totop"><a href="#summary">back to summary</a></p>
<h3 id="m3">AmazonTest#tearDown</h3><table class="result"><tr><th class="invisible"/></tr></table><p class="totop"><a href="#summary">back to summary</a></p>
<h3 id="m4">FacebookSignInTest#setup</h3><table class="result"><tr><th class="invisible"/></tr></table><p class="totop"><a href="#summary">back to summary</a></p>
<h3 id="m5">FacebookSignInTest#teardown</h3><table class="result"><tr><th class="invisible"/></tr></table><p class="totop"><a href="#summary">back to summary</a></p>
<h3 id="m6">tests.AlertsTest#setUp</h3><table class="result"><tr><th class="invisible"/></tr></table><p class="totop"><a href="#summary">back to summary</a></p>
<h3 id="m7">tests.AlertsTest#tearDown</h3><table class="result"><tr><th class="invisible"/></tr></table><p class="totop"><a href="#summary">back to summary</a></p>
<h3 id="m8">tests.FacebookLoginTest#setUp</h3><table class="result"><tr><th class="invisible"/></tr></table><p class="totop"><a href="#summary">back to summary</a></p>
<h3 id="m9">tests.FacebookLoginTest#tearDown</h3><table class="result"><tr><th class="invisible"/></tr></table><p class="totop"><a href="#summary">back to summary</a></p>
<h3 id="m10">tests.IframTest#setUp</h3><table class="result"><tr><th class="invisible"/></tr></table><p class="totop"><a href="#summary">back to summary</a></p>
<h3 id="m11">tests.IframTest#tearDown</h3><table class="result"><tr><th class="invisible"/></tr></table><p class="totop"><a href="#summary">back to summary</a></p>
<h3 id="m12">tests.InteralDoucmentTest#setUp</h3><table class="result"><tr><th class="invisible"/></tr></table><p class="totop"><a href="#summary">back to summary</a></p>
<h3 id="m13">tests.InteralDoucmentTest#tearDown</h3><table class="result"><tr><th class="invisible"/></tr></table><p class="totop"><a href="#summary">back to summary</a></p>
<h3 id="m14">tests.LoginTest#setup</h3><table class="result"><tr><th class="invisible"/></tr></table><p class="totop"><a href="#summary">back to summary</a></p>
<h3 id="m15">tests.LoginTest#tearDown</h3><table class="result"><tr><th class="invisible"/></tr></table><p class="totop"><a href="#summary">back to summary</a></p>
<h3 id="m16">tests.MercalExternalWorkFlowlTest#setUp</h3><table class="result"><tr><th class="invisible"/></tr></table><p class="totop"><a href="#summary">back to summary</a></p>
<h3 id="m17">tests.MercalExternalWorkFlowlTest#tearDown</h3><table class="result"><tr><th class="invisible"/></tr></table><p class="totop"><a href="#summary">back to summary</a></p>
<h3 id="m18">tests.MercalInternalWorkFlowlTest#setUp</h3><table class="result"><tr><th class="invisible"/></tr></table><p class="totop"><a href="#summary">back to summary</a></p>
<h3 id="m19">tests.MercalInternalWorkFlowlTest#tearDown</h3><table class="result"><tr><th class="invisible"/></tr></table><p class="totop"><a href="#summary">back to summary</a></p>
<h3 id="m20">tests.SampleTest#setUp</h3><table class="result"><tr><th class="invisible"/></tr></table><p class="totop"><a href="#summary">back to summary</a></p>
<h3 id="m21">tests.SampleTest#tearDown</h3><table class="result"><tr><th class="invisible"/></tr></table><p class="totop"><a href="#summary">back to summary</a></p>
<h3 id="m22">FacebookSignInTest#FluentWait</h3><table class="result"><tr><th>Exception</th></tr><tr><td><div class="stacktrace">org.testng.TestNGException: 
Parameter &apos;browser&apos; is required by BeforeTest on method setUp but has not been marked @Optional or defined

... Removed 26 stack frames</div></td></tr></table><p class="totop"><a href="#summary">back to summary</a></p>
<h3 id="m23">tests.AlertsTest#testAlert</h3><table class="result"><tr><th>Exception</th></tr><tr><td><div class="stacktrace">org.testng.TestNGException: 
Parameter &apos;browser&apos; is required by BeforeTest on method setUp but has not been marked @Optional or defined

... Removed 26 stack frames</div></td></tr></table><p class="totop"><a href="#summary">back to summary</a></p>
<h3 id="m24">tests.FacebookLoginTest#testLoginFunctionality</h3><table class="result"><tr><th>Exception</th></tr><tr><td><div class="stacktrace">org.testng.TestNGException: 
Parameter &apos;browser&apos; is required by BeforeTest on method setUp but has not been marked @Optional or defined

... Removed 26 stack frames</div></td></tr></table><p class="totop"><a href="#summary">back to summary</a></p>
<h3 id="m25">tests.InteralDoucmentTest#creatInternalDocumentTest</h3><table class="result"><tr><th>Exception</th></tr><tr><td><div class="stacktrace">java.lang.Throwable: Method tests.InteralDoucmentTest.creatInternalDocumentTest() on instance tests.InteralDoucmentTest@344f4dea depends on not successfully finished methods 
[tests.InteralDoucmentTest.testLogin() on instance tests.InteralDoucmentTest@344f4dea]
	at java.base/java.util.ArrayList.forEach(ArrayList.java:1597)
... Removed 23 stack frames</div></td></tr></table><p class="totop"><a href="#summary">back to summary</a></p>
<h3 id="m26">tests.InteralDoucmentTest#testLogin</h3><table class="result"><tr><th>Exception</th></tr><tr><td><div class="stacktrace">org.testng.TestNGException: 
Parameter &apos;browser&apos; is required by BeforeTest on method setUp but has not been marked @Optional or defined

... Removed 26 stack frames</div></td></tr></table><p class="totop"><a href="#summary">back to summary</a></p>
<h3 id="m27">tests.LoginTest#testLogin</h3><table class="result"><tr class="param"><th>Parameter #1</th><th>Parameter #2</th></tr><tr class="param stripe"><td>user2</td><td>test456</td></tr><tr><th colspan="2">Exception</th></tr><tr><td colspan="2"><div class="stacktrace">org.testng.TestNGException: 
Parameter &apos;browser&apos; is required by BeforeTest on method setUp but has not been marked @Optional or defined

... Removed 26 stack frames</div></td></tr></table><p class="totop"><a href="#summary">back to summary</a></p>
<h3 id="m28">tests.LoginTest#testLogin</h3><table class="result"><tr class="param"><th>Parameter #1</th><th>Parameter #2</th></tr><tr class="param stripe"><td>user4</td><td>demo790</td></tr><tr><th colspan="2">Exception</th></tr><tr><td colspan="2"><div class="stacktrace">org.testng.TestNGException: 
Parameter &apos;browser&apos; is required by BeforeTest on method setUp but has not been marked @Optional or defined

... Removed 26 stack frames</div></td></tr></table><p class="totop"><a href="#summary">back to summary</a></p>
<h3 id="m29">tests.LoginTest#testLogin</h3><table class="result"><tr class="param"><th>Parameter #1</th><th>Parameter #2</th></tr><tr class="param stripe"><td>user3</td><td>demo789</td></tr><tr><th colspan="2">Exception</th></tr><tr><td colspan="2"><div class="stacktrace">org.testng.TestNGException: 
Parameter &apos;browser&apos; is required by BeforeTest on method setUp but has not been marked @Optional or defined

... Removed 26 stack frames</div></td></tr></table><p class="totop"><a href="#summary">back to summary</a></p>
<h3 id="m30">tests.MercalExternalWorkFlowlTest#CreatExternalNote</h3><table class="result"><tr><th>Exception</th></tr><tr><td><div class="stacktrace">java.lang.Throwable: Method tests.MercalExternalWorkFlowlTest.CreatExternalNote() on instance tests.MercalExternalWorkFlowlTest@6e4566f1 depends on not successfully finished methods 
[tests.MercalExternalWorkFlowlTest.testOpenNote() on instance tests.MercalExternalWorkFlowlTest@6e4566f1]
	at java.base/java.util.ArrayList.forEach(ArrayList.java:1597)
... Removed 23 stack frames</div></td></tr></table><p class="totop"><a href="#summary">back to summary</a></p>
<h3 id="m31">tests.MercalExternalWorkFlowlTest#testLogin</h3><table class="result"><tr><th>Exception</th></tr><tr><td><div class="stacktrace">org.testng.TestNGException: 
Parameter &apos;browser&apos; is required by BeforeTest on method setUp but has not been marked @Optional or defined

... Removed 26 stack frames</div></td></tr></table><p class="totop"><a href="#summary">back to summary</a></p>
<h3 id="m32">tests.MercalExternalWorkFlowlTest#testOpenNote</h3><table class="result"><tr><th>Exception</th></tr><tr><td><div class="stacktrace">java.lang.Throwable: Method tests.MercalExternalWorkFlowlTest.testOpenNote() on instance tests.MercalExternalWorkFlowlTest@6e4566f1 depends on not successfully finished methods 
[tests.MercalExternalWorkFlowlTest.testLogin() on instance tests.MercalExternalWorkFlowlTest@6e4566f1]
	at java.base/java.util.ArrayList.forEach(ArrayList.java:1597)
... Removed 23 stack frames</div></td></tr></table><p class="totop"><a href="#summary">back to summary</a></p>
<h3 id="m33">tests.MercalExternalWorkFlowlTest#testRecverLogin</h3><table class="result"><tr><th>Exception</th></tr><tr><td><div class="stacktrace">java.lang.Throwable: Method tests.MercalExternalWorkFlowlTest.testRecverLogin() on instance tests.MercalExternalWorkFlowlTest@6e4566f1 depends on not successfully finished methods 
[tests.MercalExternalWorkFlowlTest.CreatExternalNote() on instance tests.MercalExternalWorkFlowlTest@6e4566f1]
	at java.base/java.util.ArrayList.forEach(ArrayList.java:1597)
... Removed 23 stack frames</div></td></tr></table><p class="totop"><a href="#summary">back to summary</a></p>
<h3 id="m34">tests.MercalInternalWorkFlowlTest#CreatInteralNoteTest</h3><table class="result"><tr><th>Exception</th></tr><tr><td><div class="stacktrace">java.lang.Throwable: Method tests.MercalInternalWorkFlowlTest.CreatInteralNoteTest() on instance tests.MercalInternalWorkFlowlTest@648c94da depends on not successfully finished methods 
[tests.MercalInternalWorkFlowlTest.testOpenNote() on instance tests.MercalInternalWorkFlowlTest@648c94da]
	at java.base/java.util.ArrayList.forEach(ArrayList.java:1597)
... Removed 23 stack frames</div></td></tr></table><p class="totop"><a href="#summary">back to summary</a></p>
<h3 id="m35">tests.MercalInternalWorkFlowlTest#compleatTaskS1_Test</h3><table class="result"><tr><th>Exception</th></tr><tr><td><div class="stacktrace">java.lang.Throwable: Method tests.MercalInternalWorkFlowlTest.compleatTaskS1_Test() on instance tests.MercalInternalWorkFlowlTest@648c94da depends on not successfully finished methods 
[tests.MercalInternalWorkFlowlTest.testRecverLogin() on instance tests.MercalInternalWorkFlowlTest@648c94da]
	at java.base/java.util.ArrayList.forEach(ArrayList.java:1597)
... Removed 23 stack frames</div></td></tr></table><p class="totop"><a href="#summary">back to summary</a></p>
<h3 id="m36">tests.MercalInternalWorkFlowlTest#compleatTaskS2_Test</h3><table class="result"><tr><th>Exception</th></tr><tr><td><div class="stacktrace">java.lang.Throwable: Method tests.MercalInternalWorkFlowlTest.compleatTaskS2_Test() on instance tests.MercalInternalWorkFlowlTest@648c94da depends on not successfully finished methods 
[tests.MercalInternalWorkFlowlTest.compleatTaskS1_Test() on instance tests.MercalInternalWorkFlowlTest@648c94da]
	at java.base/java.util.ArrayList.forEach(ArrayList.java:1597)
... Removed 23 stack frames</div></td></tr></table><p class="totop"><a href="#summary">back to summary</a></p>
<h3 id="m37">tests.MercalInternalWorkFlowlTest#testLogin</h3><table class="result"><tr><th>Exception</th></tr><tr><td><div class="stacktrace">org.testng.TestNGException: 
Parameter &apos;browser&apos; is required by BeforeTest on method setUp but has not been marked @Optional or defined

... Removed 26 stack frames</div></td></tr></table><p class="totop"><a href="#summary">back to summary</a></p>
<h3 id="m38">tests.MercalInternalWorkFlowlTest#testOpenNote</h3><table class="result"><tr><th>Exception</th></tr><tr><td><div class="stacktrace">java.lang.Throwable: Method tests.MercalInternalWorkFlowlTest.testOpenNote() on instance tests.MercalInternalWorkFlowlTest@648c94da depends on not successfully finished methods 
[tests.MercalInternalWorkFlowlTest.testLogin() on instance tests.MercalInternalWorkFlowlTest@648c94da]
	at java.base/java.util.ArrayList.forEach(ArrayList.java:1597)
... Removed 23 stack frames</div></td></tr></table><p class="totop"><a href="#summary">back to summary</a></p>
<h3 id="m39">tests.MercalInternalWorkFlowlTest#testRecverLogin</h3><table class="result"><tr><th>Exception</th></tr><tr><td><div class="stacktrace">java.lang.Throwable: Method tests.MercalInternalWorkFlowlTest.testRecverLogin() on instance tests.MercalInternalWorkFlowlTest@648c94da depends on not successfully finished methods 
[tests.MercalInternalWorkFlowlTest.CreatInteralNoteTest() on instance tests.MercalInternalWorkFlowlTest@648c94da]
	at java.base/java.util.ArrayList.forEach(ArrayList.java:1597)
... Removed 23 stack frames</div></td></tr></table><p class="totop"><a href="#summary">back to summary</a></p>
<h3 id="m40">tests.SampleTest#failedTest</h3><table class="result"><tr><th>Exception</th></tr><tr><td><div class="stacktrace">org.testng.TestNGException: 
Parameter &apos;browser&apos; is required by BeforeTest on method setUp but has not been marked @Optional or defined

... Removed 26 stack frames</div></td></tr></table><p class="totop"><a href="#summary">back to summary</a></p>
<h3 id="m41">tests.SampleTest#googleSearchTest</h3><table class="result"><tr><th>Exception</th></tr><tr><td><div class="stacktrace">org.testng.TestNGException: 
Parameter &apos;browser&apos; is required by BeforeTest on method setUp but has not been marked @Optional or defined

... Removed 26 stack frames</div></td></tr></table><p class="totop"><a href="#summary">back to summary</a></p>
</body>
</html>
